/* distanceR2 */
	/* case1 */
distanceR2([1.0,1.0,1.0],[1.0,1.0,1.0],D)
D = 0.0
	/* case2 */
distanceR2([1.0,3.0,9.0],[9.0,3.0,1.0],D)
D = 128.0
	/* case3 */
distanceR2([1.0,3.0,9.0],[1.0,2.0,3.0],D)
D = 37.0

/* distanceSqAllMeans */
	/* case1 */
distanceSqAllMeans([47.0,63],[[-49.005001, -41.327999], [45.958, 29.403], [-60.546001, -50.702], [45.403, 52.994999], [-49.021, -52.053001], [29.788, 58.993]],What)
What = [20101.291592354, 1129.844173, 24494.287135091996, 102.650454010001, 22457.225480105997, 312.308993]
	/* case2 */
distanceSqAllMeans([1.0,2.0],[[-49.005001, -41.327999], [45.958, 29.403], [-60.546001, -50.702], [45.403, 52.994999], [-49.021, -52.053001], [29.788, 58.993]],What)
What = [4377.815622354002, 2772.146173, 6565.411043092001, 4572.11633201, 5423.827358106001, 4076.9509930000004]
	/* case3 */
distanceSqAllMeans([54.0,13.0],[[-33.005001, -71.327939], [45.28, 37.423], [-60.546001, -50.702], [45.403, 52.994999], [-49.021, -52.053001], [29.788, 58.993]],What)
What = [14681.071494997721, 672.5213290000002, 17178.731149092, 1673.508354010001, 14845.219380106002, 2701.576993]

/* listMinPos */
	/* case1 */
listMinPos([20127.571445602007, 1097.1155359600039, 24526.929309464005, 95.23227815000496, 0.0, 22472.373665942006, 332.92734064000405, 17537.187875314],Where)
Where = 4
	/* case2 */
listMinPos([3,2,1,4,5,6],Where)
Where = 2
	/* case3 */
listMinPos([3,2,1,4,5,0],Where)
Where = 5

/* elsum */
	/* case1 */
elsum([2,4,6],[8,10,12],Answer)
Answer = [10, 14, 18]
	/* case2 */
elsum([10.0,20.0,30.0],[3.0,2.0,1.0],Answer)
Answer = [13.0, 22.0, 31.0]
	/* case3 */
elsum([1.23,4.56],[7.89,10.11],Answer)
Answer = [9.12, 14.669999999999998]

/* scaleList */
	/* case1 */
scaleList([3.0,6.0,9.0],-3,Answer)
Answer = [-1.0, -2.0, -3.0]
	/* case2 */
scaleList([3.0,6.0,9.0],10,Answer)
Answer = [0.3, 0.6, 0.9]
	/* case3 */
scaleList([3.0,6.0,9.0],0,Answer)
Answer = [3.0, 6.0, 9.0]

/* zeroes */
	/* case1 */
zeroes(0,Alist)
Alist = []
	/* case2 */
zeroes(4,Alist)
Alist = [0.0, 0.0, 0.0, 0.0]
	/* case3 */
zeroes(20,Alist)
Alist = [0.0, 0.0, 0.0, 0.0, 0.0, 0.0, 0.0, 0.0, 0.0, 0.0, 0.0, 0.0, 0.0, 0.0, 0.0, 0.0, 0.0, 0.0, 0.0, 0.0]

/* zeroMeansSet */
	/* case1 */
zeroMeansSet(1,1,TheSet)
TheSet = [[0.0]]
	/* case2 */
zeroMeansSet(2,5,TheSet)
TheSet = [[0.0, 0.0, 0.0, 0.0, 0.0], [0.0, 0.0, 0.0, 0.0, 0.0]]
	/* case3 */
zeroMeansSet(5,10,TheSet)
TheSet = [[0.0, 0.0, 0.0, 0.0, 0.0, 0.0, 0.0, 0.0, 0.0, 0.0], [0.0, 0.0, 0.0, 0.0, 0.0, 0.0, 0.0, 0.0, 0.0, 0.0], [0.0, 0.0, 0.0, 0.0, 0.0, 0.0, 0.0, 0.0, 0.0, 0.0], [0.0, 0.0, 0.0, 0.0, 0.0, 0.0, 0.0, 0.0, 0.0, 0.0], [0.0, 0.0, 0.0, 0.0, 0.0, 0.0, 0.0, 0.0, 0.0, 0.0]]

/* zeroVdiff */
	/* case1 */
zeroVdiff([1,2,3],[3,2,1])
false
	/* case2 */
zeroVdiff([1,2,3],[1,2,3])
true
	/* case3 */
zeroVdiff([4,5,6,7,8,9,10],[4,5,6,7,8,9,10])
true
zeroVdiff([4,5,6,7,8,9,10],[4,5,6,7,8,8,10])
false

/* zeroSetDiff */
	/* case1 */
zeroSetDiff([[1,3,9,12],[2,4,6,8]],[[1,3,9,12],[2,4,6,8]])
true
	/* case2 */
zeroSetDiff([[1,3,9,13],[2,4,6,8]],[[1,3,9,12],[2,4,6,8]])
false
	/* case3 */
zeroSetDiff([[1],[5]],[[1],[5]])
true

/* zeroCounts */
	/* case1 */
zeroCounts(1,Out)
Out = [0]
	/* case2 */
zeroCounts(10,Out)
Out = [0, 0, 0, 0, 0, 0, 0, 0, 0, 0]
	/* case3 */
zeroCounts(20,Out)
Out = [0, 0, 0, 0, 0, 0, 0, 0, 0, 0, 0, 0, 0, 0, 0, 0, 0, 0, 0, 0]

/* updateCounts */
	/* case1 */
zeroCounts(10,S),updateCounts(3,S,Updated),updateCounts(3,Updated,Overall), updateCounts(0,Overall,Overall2)
Overall = [0, 0, 0, 2, 0, 0, 0, 0, 0, 0],
Overall2 = [1, 0, 0, 2, 0, 0, 0, 0, 0, 0],
S = [0, 0, 0, 0, 0, 0, 0, 0, 0, 0],
Updated = [0, 0, 0, 1, 0, 0, 0, 0, 0, 0]
	/* case2 */
zeroCounts(10,S),updateCounts(7,S,Updated)
S = [0, 0, 0, 0, 0, 0, 0, 0, 0, 0],
Updated = [0, 0, 0, 0, 0, 0, 0, 1, 0, 0]
	/* case3 */
zeroCounts(10,S),updateCounts(7,S,Updated),updateCounts(7,Updated,Updated2)
S = [0, 0, 0, 0, 0, 0, 0, 0, 0, 0],
Updated = [0, 0, 0, 0, 0, 0, 0, 1, 0, 0],
Updated2 = [0, 0, 0, 0, 0, 0, 0, 2, 0, 0]

/* updateMeansSum */
	/* case1 */
zeroMeansSet(6,3,M), updateMeansSum([1.0,2.0,3.0],0,M,Result)
M = [[0.0, 0.0, 0.0], [0.0, 0.0, 0.0], [0.0, 0.0, 0.0], [0.0, 0.0, 0.0], [0.0, 0.0, 0.0], [0.0, 0.0, 0.0]],
Result = [[1.0, 2.0, 3.0], [0.0, 0.0, 0.0], [0.0, 0.0, 0.0], [0.0, 0.0, 0.0], [0.0, 0.0, 0.0], [0.0, 0.0, 0.0]]
	/* case2 */
zeroMeansSet(6,4,M), updateMeansSum([1.0,2.0,3.0,4.0],2,M,Result)
M = [[0.0, 0.0, 0.0, 0.0], [0.0, 0.0, 0.0, 0.0], [0.0, 0.0, 0.0, 0.0], [0.0, 0.0, 0.0, 0.0], [0.0, 0.0, 0.0, 0.0], [0.0, 0.0, 0.0, 0.0]],
Result = [[0.0, 0.0, 0.0, 0.0], [0.0, 0.0, 0.0, 0.0], [1.0, 2.0, 3.0, 4.0], [0.0, 0.0, 0.0, 0.0], [0.0, 0.0, 0.0, 0.0], [0.0, 0.0, 0.0, 0.0]]
	/* case3 */
zeroMeansSet(3,5,M), updateMeansSum([1.0,2.0,3.0,4.0,5.0],2,M,Result)
M = [[0.0, 0.0, 0.0, 0.0, 0.0], [0.0, 0.0, 0.0, 0.0, 0.0], [0.0, 0.0, 0.0, 0.0, 0.0]],
Result = [[0.0, 0.0, 0.0, 0.0, 0.0], [0.0, 0.0, 0.0, 0.0, 0.0], [1.0, 2.0, 3.0, 4.0, 5.0]]

/* formNewMeans */
	/* case1 */
formNewMeans([[123],[456]],[5,10],NewMeans)
NewMeans = [[24.6], [45.6]]
	/* case2 */
formNewMeans([[999.9],[-666.6]],[3,9],NewMeans)
NewMeans = [[333.3], [-74.06666666666666]]
	/* case3 */
formNewMeans([[-321.1232535],[1.1234532532]],[12,18],NewMeans)
NewMeans = [[-26.760271125], [0.062414069622222214]]

/* reclassify */
	/* case1 */
bigH(H),muzero(MZ0),reclassify(H,MZ0,Mu1),reclassify(H,Mu1,Mu2),reclassify(H,Mu2,Mu3),reclassify(H,Mu3,Mu4)
H = [[47.698002, 62.48], [-49.005001, -41.327999], [45.958, 29.403], [-60.546001, -50.702], [45.403, 52.994999], [-49.021, -52.053001], [29.788, 58.993], [-40.433998, -36.362999], [30.247, 46.307999], [-56.348, -68.390999], [39.306, 55.344002], [-36.924999, -62.708], [67.416, 44.914001], [-58.917999, -59.022999], [61.311001, 49.091], [-48.459999, -48.293999], [40.199001, 42.499001], [-44.012001, -45.372002], [56.061001, 42.375], [-41.471001, -61.914001], [38.374001, 69.296997], [-72.792999, -38.757999], [45.792999, 45.402], [-49.188, -26.427], [52.728001, 47.167], [-32.636002, -48.605], [45.199001, 42.932999], [-60.687, -62.403], [47.764999, 46.527], [-44.400002, -56.611], [34.199001, 38.139999], [-46.271, -59.549999], [30.365999, 34.556999], [-44.353001, -35.251999], [61.408001, 49.321999], [-54.328999, -57.067001], [44.124001, 53.855999], [-40.675999, -45.154999], [59.542999, 52.754002], [-51.820999, -54.581001], [57.674999, 43.550999], [-58.657001, -62.026001], [46.997002, 49.679001], [-48.159, -60.401001], [58.990002, 44.98], [-53.952, -48.452999], [51.668999, 46.544998], [-44.797001, -39.198002], [21.613001, 58.493999], [-39.870998, -70.129997], [38.344002, 64.382004], [-36.939999, -49.074001], [43.955002, 70.141998], [-66.225998, -39.280998], [34.042, 43.935001], [-56.077999, -41.220001], [40.556999, 60.946999], [-45.368, -55.077999], [51.587002, 54.707001], [-44.653999, -59.618999], [45.764, 67.897003], [-53.721001, -41.657001], [48.812, 30.231001], [-51.667999, -59.210999], [28.068001, 50.791], [-52.210999, -44.290001], [39.919998, 60.792999], [-66.524002, -65.376999], [51.550999, 55.782001], [-71.337997, -50.605], [44.178001, 32.618], [-50.681, -67.092003], [56.460999, 46.509998], [-57.506001, -40.686001], [46.271999, 59.300999], [-47.286999, -61.171001], [51.985001, 46.272999], [-53.939999, -48.959999], [40.096001, 61.334], [-46.508999, -32.176998], [46.028999, 53.800999], [-47.521999, -56.674], [58.344002, 35.938999], [-41.748001, -48.055], [66.002998, 50.168999], [-54.241001, -50.398998], [63.778999, 46.206001], [-39.025002, -54.013], [44.758999, 46.389999], [-65.059998, -48.220001], [62.169998, 53.400002], [-48.84, -72.205002], [40.101002, 44.834], [-61.758999, -54.951], [44.448002, 58.359001], [-30.67, -65.568001], [48.205002, 39.977001], [-61.874001, -62.702], [53.289001, 53.289001], [-57.244999, -43.969002], [55.994999, 38.414001], [-48.673, -33.039001], [35.344002, 42.363998], [-66.481003, -64.532997], [43.299999, 57.294998], [-62.358002, -36.323002], [38.619999, 48.984001], [-50.965, -50.571999], [40.485001, 41.769001], [-61.761002, -46.075001], [53.627998, 47.325001], [-61.771999, -50.054001], [38.381001, 45.063999], [-32.745998, -57.668999], [52.150002, 51.006001], [-39.744999, -45.48], [53.068001, 36.501999], [-60.948002, -51.914001], [52.412998, 28.235001], [-56.82, -62.063], [51.967999, 37.012001], [-51.937, -53.951], [42.764, 74.032997], [-50.091999, -45.292], [46.608002, 44.979], [-36.82, -58.584999], [39.368999, 52.562], [-44.917999, -58.778], [59.801998, 56.983002], [-51.596001, -37.806999], [51.601002, 46.477001], [-54.457001, -45.686001], [44.883999, 43.805], [-50.540001, -47.098], [52.888, 55.015999], [-55.118999, -74.000999], [57.549, 51.905998], [-66.028999, -59.264999], [51.507, 46.372002], [-48.362999, -43.66], [46.008999, 51.356998], [-47.964001, -39.564999], [65.483002, 44.848999], [-55.983002, -48.618999], [36.493999, 44.080002], [-43.905998, -38.171001], [49.609001, 39.153], [-57.262001, -46.182999], [49.32, 27.771], [-44.473, -43.089001], [41.689999, 35.741001], [-45.971001, -56.252998], [57.991001, 54.146], [-43.407001, -64.523003], [29.247999, 50.339001], [-45.730999, -34.008999], [49.478001, 42.424], [-43.452, -55.080002], [50.530998, 54.761002], [-51.806999, -61.610001], [35.896, 57.237999], [-52.354, -49.441002], [59.084999, 38.363998], [-54.158001, -47.296001], [48.414001, 36.998001], [-54.292, -70.766998], [60.088001, 37.308998], [-52.443001, -78.668999], [64.397003, 55.303001], [-55.419998, -44.888], [52.612999, 52.653], [-47.648998, -44.060001], [48.056999, 73.278], [-39.168999, -44.511002], [44.278, 64.654999], [-39.837002, -64.285004], [40.255001, 68.907997], [-38.571999, -55.199001], [51.416, 49.426998], [-48.370998, -56.042], [60.019001, 56.022999], [-73.535004, -48.645], [58.09, 32.983002], [-62.123001, -65.014999], [51.075001, 61.535999], [-56.089001, -64.358002], [56.133999, 55.541], [-46.181, -58.021999], [55.351002, 45.152], [-48.125, -51.327], [74.464996, 53.213001], [-47.492001, -55.717999], [55.716, 46.556999], [-47.737999, -67.221001], [44.997002, 41.153], [-61.254002, -64.741997], [42.384998, 54.869999], [-48.435001, -54.327], [68.799004, 44.391998], [-68.746002, -55.521999]],
MZ0 = [[-57.244999, -43.969002], [-68.746002, -55.521999]],
Mu1 = [[48.010110210000015, 48.679209870000015], [-51.79190005, -53.07543004]],
Mu2 = [[49.06266130210001, 49.605691988700016], [-51.6223590305, -53.0509643504]],
Mu3 = [[49.07318681302102, 49.61495680988702], [-51.620663620305, -53.050719693504]],
Mu4 = [[49.07329206813023, 49.61504945809888], [-51.62064666620306, -53.05071724693504]]
	/* case2 */
bigH(H),reclassify(H,[[-12.3456, -78.91011], [-98.76543, -21.0987]],Mu1)
H = [[47.698002, 62.48], [-49.005001, -41.327999], [45.958, 29.403], [-60.546001, -50.702], [45.403, 52.994999], [-49.021, -52.053001], [29.788, 58.993], [-40.433998, -36.362999], [30.247, 46.307999], [-56.348, -68.390999], [39.306, 55.344002], [-36.924999, -62.708], [67.416, 44.914001], [-58.917999, -59.022999], [61.311001, 49.091], [-48.459999, -48.293999], [40.199001, 42.499001], [-44.012001, -45.372002], [56.061001, 42.375], [-41.471001, -61.914001], [38.374001, 69.296997], [-72.792999, -38.757999], [45.792999, 45.402], [-49.188, -26.427], [52.728001, 47.167], [-32.636002, -48.605], [45.199001, 42.932999], [-60.687, -62.403], [47.764999, 46.527], [-44.400002, -56.611], [34.199001, 38.139999], [-46.271, -59.549999], [30.365999, 34.556999], [-44.353001, -35.251999], [61.408001, 49.321999], [-54.328999, -57.067001], [44.124001, 53.855999], [-40.675999, -45.154999], [59.542999, 52.754002], [-51.820999, -54.581001], [57.674999, 43.550999], [-58.657001, -62.026001], [46.997002, 49.679001], [-48.159, -60.401001], [58.990002, 44.98], [-53.952, -48.452999], [51.668999, 46.544998], [-44.797001, -39.198002], [21.613001, 58.493999], [-39.870998, -70.129997], [38.344002, 64.382004], [-36.939999, -49.074001], [43.955002, 70.141998], [-66.225998, -39.280998], [34.042, 43.935001], [-56.077999, -41.220001], [40.556999, 60.946999], [-45.368, -55.077999], [51.587002, 54.707001], [-44.653999, -59.618999], [45.764, 67.897003], [-53.721001, -41.657001], [48.812, 30.231001], [-51.667999, -59.210999], [28.068001, 50.791], [-52.210999, -44.290001], [39.919998, 60.792999], [-66.524002, -65.376999], [51.550999, 55.782001], [-71.337997, -50.605], [44.178001, 32.618], [-50.681, -67.092003], [56.460999, 46.509998], [-57.506001, -40.686001], [46.271999, 59.300999], [-47.286999, -61.171001], [51.985001, 46.272999], [-53.939999, -48.959999], [40.096001, 61.334], [-46.508999, -32.176998], [46.028999, 53.800999], [-47.521999, -56.674], [58.344002, 35.938999], [-41.748001, -48.055], [66.002998, 50.168999], [-54.241001, -50.398998], [63.778999, 46.206001], [-39.025002, -54.013], [44.758999, 46.389999], [-65.059998, -48.220001], [62.169998, 53.400002], [-48.84, -72.205002], [40.101002, 44.834], [-61.758999, -54.951], [44.448002, 58.359001], [-30.67, -65.568001], [48.205002, 39.977001], [-61.874001, -62.702], [53.289001, 53.289001], [-57.244999, -43.969002], [55.994999, 38.414001], [-48.673, -33.039001], [35.344002, 42.363998], [-66.481003, -64.532997], [43.299999, 57.294998], [-62.358002, -36.323002], [38.619999, 48.984001], [-50.965, -50.571999], [40.485001, 41.769001], [-61.761002, -46.075001], [53.627998, 47.325001], [-61.771999, -50.054001], [38.381001, 45.063999], [-32.745998, -57.668999], [52.150002, 51.006001], [-39.744999, -45.48], [53.068001, 36.501999], [-60.948002, -51.914001], [52.412998, 28.235001], [-56.82, -62.063], [51.967999, 37.012001], [-51.937, -53.951], [42.764, 74.032997], [-50.091999, -45.292], [46.608002, 44.979], [-36.82, -58.584999], [39.368999, 52.562], [-44.917999, -58.778], [59.801998, 56.983002], [-51.596001, -37.806999], [51.601002, 46.477001], [-54.457001, -45.686001], [44.883999, 43.805], [-50.540001, -47.098], [52.888, 55.015999], [-55.118999, -74.000999], [57.549, 51.905998], [-66.028999, -59.264999], [51.507, 46.372002], [-48.362999, -43.66], [46.008999, 51.356998], [-47.964001, -39.564999], [65.483002, 44.848999], [-55.983002, -48.618999], [36.493999, 44.080002], [-43.905998, -38.171001], [49.609001, 39.153], [-57.262001, -46.182999], [49.32, 27.771], [-44.473, -43.089001], [41.689999, 35.741001], [-45.971001, -56.252998], [57.991001, 54.146], [-43.407001, -64.523003], [29.247999, 50.339001], [-45.730999, -34.008999], [49.478001, 42.424], [-43.452, -55.080002], [50.530998, 54.761002], [-51.806999, -61.610001], [35.896, 57.237999], [-52.354, -49.441002], [59.084999, 38.363998], [-54.158001, -47.296001], [48.414001, 36.998001], [-54.292, -70.766998], [60.088001, 37.308998], [-52.443001, -78.668999], [64.397003, 55.303001], [-55.419998, -44.888], [52.612999, 52.653], [-47.648998, -44.060001], [48.056999, 73.278], [-39.168999, -44.511002], [44.278, 64.654999], [-39.837002, -64.285004], [40.255001, 68.907997], [-38.571999, -55.199001], [51.416, 49.426998], [-48.370998, -56.042], [60.019001, 56.022999], [-73.535004, -48.645], [58.09, 32.983002], [-62.123001, -65.014999], [51.075001, 61.535999], [-56.089001, -64.358002], [56.133999, 55.541], [-46.181, -58.021999], [55.351002, 45.152], [-48.125, -51.327], [74.464996, 53.213001], [-47.492001, -55.717999], [55.716, 46.556999], [-47.737999, -67.221001], [44.997002, 41.153], [-61.254002, -64.741997], [42.384998, 54.869999], [-48.435001, -54.327], [68.799004, 44.391998], [-68.746002, -55.521999]],
Mu1 = [[48.45910420000001, 48.32979879000001], [-52.09209433000001, -52.73119705]]
	/* case3 */
bigH(H),muzero(MZ0),reclassify(H,MZ0,Mu1),reclassify(H,Mu1,Mu2),reclassify(H,Mu2,Mu3),reclassify(H,Mu3,Mu4),reclassify(H,Mu4,Mu5)
H = [[47.698002, 62.48], [-49.005001, -41.327999], [45.958, 29.403], [-60.546001, -50.702], [45.403, 52.994999], [-49.021, -52.053001], [29.788, 58.993], [-40.433998, -36.362999], [30.247, 46.307999], [-56.348, -68.390999], [39.306, 55.344002], [-36.924999, -62.708], [67.416, 44.914001], [-58.917999, -59.022999], [61.311001, 49.091], [-48.459999, -48.293999], [40.199001, 42.499001], [-44.012001, -45.372002], [56.061001, 42.375], [-41.471001, -61.914001], [38.374001, 69.296997], [-72.792999, -38.757999], [45.792999, 45.402], [-49.188, -26.427], [52.728001, 47.167], [-32.636002, -48.605], [45.199001, 42.932999], [-60.687, -62.403], [47.764999, 46.527], [-44.400002, -56.611], [34.199001, 38.139999], [-46.271, -59.549999], [30.365999, 34.556999], [-44.353001, -35.251999], [61.408001, 49.321999], [-54.328999, -57.067001], [44.124001, 53.855999], [-40.675999, -45.154999], [59.542999, 52.754002], [-51.820999, -54.581001], [57.674999, 43.550999], [-58.657001, -62.026001], [46.997002, 49.679001], [-48.159, -60.401001], [58.990002, 44.98], [-53.952, -48.452999], [51.668999, 46.544998], [-44.797001, -39.198002], [21.613001, 58.493999], [-39.870998, -70.129997], [38.344002, 64.382004], [-36.939999, -49.074001], [43.955002, 70.141998], [-66.225998, -39.280998], [34.042, 43.935001], [-56.077999, -41.220001], [40.556999, 60.946999], [-45.368, -55.077999], [51.587002, 54.707001], [-44.653999, -59.618999], [45.764, 67.897003], [-53.721001, -41.657001], [48.812, 30.231001], [-51.667999, -59.210999], [28.068001, 50.791], [-52.210999, -44.290001], [39.919998, 60.792999], [-66.524002, -65.376999], [51.550999, 55.782001], [-71.337997, -50.605], [44.178001, 32.618], [-50.681, -67.092003], [56.460999, 46.509998], [-57.506001, -40.686001], [46.271999, 59.300999], [-47.286999, -61.171001], [51.985001, 46.272999], [-53.939999, -48.959999], [40.096001, 61.334], [-46.508999, -32.176998], [46.028999, 53.800999], [-47.521999, -56.674], [58.344002, 35.938999], [-41.748001, -48.055], [66.002998, 50.168999], [-54.241001, -50.398998], [63.778999, 46.206001], [-39.025002, -54.013], [44.758999, 46.389999], [-65.059998, -48.220001], [62.169998, 53.400002], [-48.84, -72.205002], [40.101002, 44.834], [-61.758999, -54.951], [44.448002, 58.359001], [-30.67, -65.568001], [48.205002, 39.977001], [-61.874001, -62.702], [53.289001, 53.289001], [-57.244999, -43.969002], [55.994999, 38.414001], [-48.673, -33.039001], [35.344002, 42.363998], [-66.481003, -64.532997], [43.299999, 57.294998], [-62.358002, -36.323002], [38.619999, 48.984001], [-50.965, -50.571999], [40.485001, 41.769001], [-61.761002, -46.075001], [53.627998, 47.325001], [-61.771999, -50.054001], [38.381001, 45.063999], [-32.745998, -57.668999], [52.150002, 51.006001], [-39.744999, -45.48], [53.068001, 36.501999], [-60.948002, -51.914001], [52.412998, 28.235001], [-56.82, -62.063], [51.967999, 37.012001], [-51.937, -53.951], [42.764, 74.032997], [-50.091999, -45.292], [46.608002, 44.979], [-36.82, -58.584999], [39.368999, 52.562], [-44.917999, -58.778], [59.801998, 56.983002], [-51.596001, -37.806999], [51.601002, 46.477001], [-54.457001, -45.686001], [44.883999, 43.805], [-50.540001, -47.098], [52.888, 55.015999], [-55.118999, -74.000999], [57.549, 51.905998], [-66.028999, -59.264999], [51.507, 46.372002], [-48.362999, -43.66], [46.008999, 51.356998], [-47.964001, -39.564999], [65.483002, 44.848999], [-55.983002, -48.618999], [36.493999, 44.080002], [-43.905998, -38.171001], [49.609001, 39.153], [-57.262001, -46.182999], [49.32, 27.771], [-44.473, -43.089001], [41.689999, 35.741001], [-45.971001, -56.252998], [57.991001, 54.146], [-43.407001, -64.523003], [29.247999, 50.339001], [-45.730999, -34.008999], [49.478001, 42.424], [-43.452, -55.080002], [50.530998, 54.761002], [-51.806999, -61.610001], [35.896, 57.237999], [-52.354, -49.441002], [59.084999, 38.363998], [-54.158001, -47.296001], [48.414001, 36.998001], [-54.292, -70.766998], [60.088001, 37.308998], [-52.443001, -78.668999], [64.397003, 55.303001], [-55.419998, -44.888], [52.612999, 52.653], [-47.648998, -44.060001], [48.056999, 73.278], [-39.168999, -44.511002], [44.278, 64.654999], [-39.837002, -64.285004], [40.255001, 68.907997], [-38.571999, -55.199001], [51.416, 49.426998], [-48.370998, -56.042], [60.019001, 56.022999], [-73.535004, -48.645], [58.09, 32.983002], [-62.123001, -65.014999], [51.075001, 61.535999], [-56.089001, -64.358002], [56.133999, 55.541], [-46.181, -58.021999], [55.351002, 45.152], [-48.125, -51.327], [74.464996, 53.213001], [-47.492001, -55.717999], [55.716, 46.556999], [-47.737999, -67.221001], [44.997002, 41.153], [-61.254002, -64.741997], [42.384998, 54.869999], [-48.435001, -54.327], [68.799004, 44.391998], [-68.746002, -55.521999]],
MZ0 = [[-57.244999, -43.969002], [-68.746002, -55.521999]],
Mu1 = [[48.010110210000015, 48.679209870000015], [-51.79190005, -53.07543004]],
Mu2 = [[49.06266130210001, 49.605691988700016], [-51.6223590305, -53.0509643504]],
Mu3 = [[49.07318681302102, 49.61495680988702], [-51.620663620305, -53.050719693504]],
Mu4 = [[49.07329206813023, 49.61504945809888], [-51.62064666620306, -53.05071724693504]],
Mu5 = [[49.07329312068132, 49.61505038458101], [-51.62064649666204, -53.050717222469345]]

/* cmeans */
	/* case1 */
bigH(H), cmeans(H,[[-12.3456, -78.91011], [-98.76543, -21.0987]],MuFinal)
H = [[47.698002, 62.48], [-49.005001, -41.327999], [45.958, 29.403], [-60.546001, -50.702], [45.403, 52.994999], [-49.021, -52.053001], [29.788, 58.993], [-40.433998, -36.362999], [30.247, 46.307999], [-56.348, -68.390999], [39.306, 55.344002], [-36.924999, -62.708], [67.416, 44.914001], [-58.917999, -59.022999], [61.311001, 49.091], [-48.459999, -48.293999], [40.199001, 42.499001], [-44.012001, -45.372002], [56.061001, 42.375], [-41.471001, -61.914001], [38.374001, 69.296997], [-72.792999, -38.757999], [45.792999, 45.402], [-49.188, -26.427], [52.728001, 47.167], [-32.636002, -48.605], [45.199001, 42.932999], [-60.687, -62.403], [47.764999, 46.527], [-44.400002, -56.611], [34.199001, 38.139999], [-46.271, -59.549999], [30.365999, 34.556999], [-44.353001, -35.251999], [61.408001, 49.321999], [-54.328999, -57.067001], [44.124001, 53.855999], [-40.675999, -45.154999], [59.542999, 52.754002], [-51.820999, -54.581001], [57.674999, 43.550999], [-58.657001, -62.026001], [46.997002, 49.679001], [-48.159, -60.401001], [58.990002, 44.98], [-53.952, -48.452999], [51.668999, 46.544998], [-44.797001, -39.198002], [21.613001, 58.493999], [-39.870998, -70.129997], [38.344002, 64.382004], [-36.939999, -49.074001], [43.955002, 70.141998], [-66.225998, -39.280998], [34.042, 43.935001], [-56.077999, -41.220001], [40.556999, 60.946999], [-45.368, -55.077999], [51.587002, 54.707001], [-44.653999, -59.618999], [45.764, 67.897003], [-53.721001, -41.657001], [48.812, 30.231001], [-51.667999, -59.210999], [28.068001, 50.791], [-52.210999, -44.290001], [39.919998, 60.792999], [-66.524002, -65.376999], [51.550999, 55.782001], [-71.337997, -50.605], [44.178001, 32.618], [-50.681, -67.092003], [56.460999, 46.509998], [-57.506001, -40.686001], [46.271999, 59.300999], [-47.286999, -61.171001], [51.985001, 46.272999], [-53.939999, -48.959999], [40.096001, 61.334], [-46.508999, -32.176998], [46.028999, 53.800999], [-47.521999, -56.674], [58.344002, 35.938999], [-41.748001, -48.055], [66.002998, 50.168999], [-54.241001, -50.398998], [63.778999, 46.206001], [-39.025002, -54.013], [44.758999, 46.389999], [-65.059998, -48.220001], [62.169998, 53.400002], [-48.84, -72.205002], [40.101002, 44.834], [-61.758999, -54.951], [44.448002, 58.359001], [-30.67, -65.568001], [48.205002, 39.977001], [-61.874001, -62.702], [53.289001, 53.289001], [-57.244999, -43.969002], [55.994999, 38.414001], [-48.673, -33.039001], [35.344002, 42.363998], [-66.481003, -64.532997], [43.299999, 57.294998], [-62.358002, -36.323002], [38.619999, 48.984001], [-50.965, -50.571999], [40.485001, 41.769001], [-61.761002, -46.075001], [53.627998, 47.325001], [-61.771999, -50.054001], [38.381001, 45.063999], [-32.745998, -57.668999], [52.150002, 51.006001], [-39.744999, -45.48], [53.068001, 36.501999], [-60.948002, -51.914001], [52.412998, 28.235001], [-56.82, -62.063], [51.967999, 37.012001], [-51.937, -53.951], [42.764, 74.032997], [-50.091999, -45.292], [46.608002, 44.979], [-36.82, -58.584999], [39.368999, 52.562], [-44.917999, -58.778], [59.801998, 56.983002], [-51.596001, -37.806999], [51.601002, 46.477001], [-54.457001, -45.686001], [44.883999, 43.805], [-50.540001, -47.098], [52.888, 55.015999], [-55.118999, -74.000999], [57.549, 51.905998], [-66.028999, -59.264999], [51.507, 46.372002], [-48.362999, -43.66], [46.008999, 51.356998], [-47.964001, -39.564999], [65.483002, 44.848999], [-55.983002, -48.618999], [36.493999, 44.080002], [-43.905998, -38.171001], [49.609001, 39.153], [-57.262001, -46.182999], [49.32, 27.771], [-44.473, -43.089001], [41.689999, 35.741001], [-45.971001, -56.252998], [57.991001, 54.146], [-43.407001, -64.523003], [29.247999, 50.339001], [-45.730999, -34.008999], [49.478001, 42.424], [-43.452, -55.080002], [50.530998, 54.761002], [-51.806999, -61.610001], [35.896, 57.237999], [-52.354, -49.441002], [59.084999, 38.363998], [-54.158001, -47.296001], [48.414001, 36.998001], [-54.292, -70.766998], [60.088001, 37.308998], [-52.443001, -78.668999], [64.397003, 55.303001], [-55.419998, -44.888], [52.612999, 52.653], [-47.648998, -44.060001], [48.056999, 73.278], [-39.168999, -44.511002], [44.278, 64.654999], [-39.837002, -64.285004], [40.255001, 68.907997], [-38.571999, -55.199001], [51.416, 49.426998], [-48.370998, -56.042], [60.019001, 56.022999], [-73.535004, -48.645], [58.09, 32.983002], [-62.123001, -65.014999], [51.075001, 61.535999], [-56.089001, -64.358002], [56.133999, 55.541], [-46.181, -58.021999], [55.351002, 45.152], [-48.125, -51.327], [74.464996, 53.213001], [-47.492001, -55.717999], [55.716, 46.556999], [-47.737999, -67.221001], [44.997002, 41.153], [-61.254002, -64.741997], [42.384998, 54.869999], [-48.435001, -54.327], [68.799004, 44.391998], [-68.746002, -55.521999]],
MuFinal = [[-12.3456, -78.91011], [-98.76543, -21.0987]]
	/* case2 */
bigH(H), cmeans(H,[[-5, -4], [-3, -2]],MuFinal)
H = [[47.698002, 62.48], [-49.005001, -41.327999], [45.958, 29.403], [-60.546001, -50.702], [45.403, 52.994999], [-49.021, -52.053001], [29.788, 58.993], [-40.433998, -36.362999], [30.247, 46.307999], [-56.348, -68.390999], [39.306, 55.344002], [-36.924999, -62.708], [67.416, 44.914001], [-58.917999, -59.022999], [61.311001, 49.091], [-48.459999, -48.293999], [40.199001, 42.499001], [-44.012001, -45.372002], [56.061001, 42.375], [-41.471001, -61.914001], [38.374001, 69.296997], [-72.792999, -38.757999], [45.792999, 45.402], [-49.188, -26.427], [52.728001, 47.167], [-32.636002, -48.605], [45.199001, 42.932999], [-60.687, -62.403], [47.764999, 46.527], [-44.400002, -56.611], [34.199001, 38.139999], [-46.271, -59.549999], [30.365999, 34.556999], [-44.353001, -35.251999], [61.408001, 49.321999], [-54.328999, -57.067001], [44.124001, 53.855999], [-40.675999, -45.154999], [59.542999, 52.754002], [-51.820999, -54.581001], [57.674999, 43.550999], [-58.657001, -62.026001], [46.997002, 49.679001], [-48.159, -60.401001], [58.990002, 44.98], [-53.952, -48.452999], [51.668999, 46.544998], [-44.797001, -39.198002], [21.613001, 58.493999], [-39.870998, -70.129997], [38.344002, 64.382004], [-36.939999, -49.074001], [43.955002, 70.141998], [-66.225998, -39.280998], [34.042, 43.935001], [-56.077999, -41.220001], [40.556999, 60.946999], [-45.368, -55.077999], [51.587002, 54.707001], [-44.653999, -59.618999], [45.764, 67.897003], [-53.721001, -41.657001], [48.812, 30.231001], [-51.667999, -59.210999], [28.068001, 50.791], [-52.210999, -44.290001], [39.919998, 60.792999], [-66.524002, -65.376999], [51.550999, 55.782001], [-71.337997, -50.605], [44.178001, 32.618], [-50.681, -67.092003], [56.460999, 46.509998], [-57.506001, -40.686001], [46.271999, 59.300999], [-47.286999, -61.171001], [51.985001, 46.272999], [-53.939999, -48.959999], [40.096001, 61.334], [-46.508999, -32.176998], [46.028999, 53.800999], [-47.521999, -56.674], [58.344002, 35.938999], [-41.748001, -48.055], [66.002998, 50.168999], [-54.241001, -50.398998], [63.778999, 46.206001], [-39.025002, -54.013], [44.758999, 46.389999], [-65.059998, -48.220001], [62.169998, 53.400002], [-48.84, -72.205002], [40.101002, 44.834], [-61.758999, -54.951], [44.448002, 58.359001], [-30.67, -65.568001], [48.205002, 39.977001], [-61.874001, -62.702], [53.289001, 53.289001], [-57.244999, -43.969002], [55.994999, 38.414001], [-48.673, -33.039001], [35.344002, 42.363998], [-66.481003, -64.532997], [43.299999, 57.294998], [-62.358002, -36.323002], [38.619999, 48.984001], [-50.965, -50.571999], [40.485001, 41.769001], [-61.761002, -46.075001], [53.627998, 47.325001], [-61.771999, -50.054001], [38.381001, 45.063999], [-32.745998, -57.668999], [52.150002, 51.006001], [-39.744999, -45.48], [53.068001, 36.501999], [-60.948002, -51.914001], [52.412998, 28.235001], [-56.82, -62.063], [51.967999, 37.012001], [-51.937, -53.951], [42.764, 74.032997], [-50.091999, -45.292], [46.608002, 44.979], [-36.82, -58.584999], [39.368999, 52.562], [-44.917999, -58.778], [59.801998, 56.983002], [-51.596001, -37.806999], [51.601002, 46.477001], [-54.457001, -45.686001], [44.883999, 43.805], [-50.540001, -47.098], [52.888, 55.015999], [-55.118999, -74.000999], [57.549, 51.905998], [-66.028999, -59.264999], [51.507, 46.372002], [-48.362999, -43.66], [46.008999, 51.356998], [-47.964001, -39.564999], [65.483002, 44.848999], [-55.983002, -48.618999], [36.493999, 44.080002], [-43.905998, -38.171001], [49.609001, 39.153], [-57.262001, -46.182999], [49.32, 27.771], [-44.473, -43.089001], [41.689999, 35.741001], [-45.971001, -56.252998], [57.991001, 54.146], [-43.407001, -64.523003], [29.247999, 50.339001], [-45.730999, -34.008999], [49.478001, 42.424], [-43.452, -55.080002], [50.530998, 54.761002], [-51.806999, -61.610001], [35.896, 57.237999], [-52.354, -49.441002], [59.084999, 38.363998], [-54.158001, -47.296001], [48.414001, 36.998001], [-54.292, -70.766998], [60.088001, 37.308998], [-52.443001, -78.668999], [64.397003, 55.303001], [-55.419998, -44.888], [52.612999, 52.653], [-47.648998, -44.060001], [48.056999, 73.278], [-39.168999, -44.511002], [44.278, 64.654999], [-39.837002, -64.285004], [40.255001, 68.907997], [-38.571999, -55.199001], [51.416, 49.426998], [-48.370998, -56.042], [60.019001, 56.022999], [-73.535004, -48.645], [58.09, 32.983002], [-62.123001, -65.014999], [51.075001, 61.535999], [-56.089001, -64.358002], [56.133999, 55.541], [-46.181, -58.021999], [55.351002, 45.152], [-48.125, -51.327], [74.464996, 53.213001], [-47.492001, -55.717999], [55.716, 46.556999], [-47.737999, -67.221001], [44.997002, 41.153], [-61.254002, -64.741997], [42.384998, 54.869999], [-48.435001, -54.327], [68.799004, 44.391998], [-68.746002, -55.521999]],
MuFinal = [[-5, -4], [-3, -2]]
	/* case3 */
bigH(H), cmeans(H,[[1, 2], [3, 4]],MuFinal)
H = [[47.698002, 62.48], [-49.005001, -41.327999], [45.958, 29.403], [-60.546001, -50.702], [45.403, 52.994999], [-49.021, -52.053001], [29.788, 58.993], [-40.433998, -36.362999], [30.247, 46.307999], [-56.348, -68.390999], [39.306, 55.344002], [-36.924999, -62.708], [67.416, 44.914001], [-58.917999, -59.022999], [61.311001, 49.091], [-48.459999, -48.293999], [40.199001, 42.499001], [-44.012001, -45.372002], [56.061001, 42.375], [-41.471001, -61.914001], [38.374001, 69.296997], [-72.792999, -38.757999], [45.792999, 45.402], [-49.188, -26.427], [52.728001, 47.167], [-32.636002, -48.605], [45.199001, 42.932999], [-60.687, -62.403], [47.764999, 46.527], [-44.400002, -56.611], [34.199001, 38.139999], [-46.271, -59.549999], [30.365999, 34.556999], [-44.353001, -35.251999], [61.408001, 49.321999], [-54.328999, -57.067001], [44.124001, 53.855999], [-40.675999, -45.154999], [59.542999, 52.754002], [-51.820999, -54.581001], [57.674999, 43.550999], [-58.657001, -62.026001], [46.997002, 49.679001], [-48.159, -60.401001], [58.990002, 44.98], [-53.952, -48.452999], [51.668999, 46.544998], [-44.797001, -39.198002], [21.613001, 58.493999], [-39.870998, -70.129997], [38.344002, 64.382004], [-36.939999, -49.074001], [43.955002, 70.141998], [-66.225998, -39.280998], [34.042, 43.935001], [-56.077999, -41.220001], [40.556999, 60.946999], [-45.368, -55.077999], [51.587002, 54.707001], [-44.653999, -59.618999], [45.764, 67.897003], [-53.721001, -41.657001], [48.812, 30.231001], [-51.667999, -59.210999], [28.068001, 50.791], [-52.210999, -44.290001], [39.919998, 60.792999], [-66.524002, -65.376999], [51.550999, 55.782001], [-71.337997, -50.605], [44.178001, 32.618], [-50.681, -67.092003], [56.460999, 46.509998], [-57.506001, -40.686001], [46.271999, 59.300999], [-47.286999, -61.171001], [51.985001, 46.272999], [-53.939999, -48.959999], [40.096001, 61.334], [-46.508999, -32.176998], [46.028999, 53.800999], [-47.521999, -56.674], [58.344002, 35.938999], [-41.748001, -48.055], [66.002998, 50.168999], [-54.241001, -50.398998], [63.778999, 46.206001], [-39.025002, -54.013], [44.758999, 46.389999], [-65.059998, -48.220001], [62.169998, 53.400002], [-48.84, -72.205002], [40.101002, 44.834], [-61.758999, -54.951], [44.448002, 58.359001], [-30.67, -65.568001], [48.205002, 39.977001], [-61.874001, -62.702], [53.289001, 53.289001], [-57.244999, -43.969002], [55.994999, 38.414001], [-48.673, -33.039001], [35.344002, 42.363998], [-66.481003, -64.532997], [43.299999, 57.294998], [-62.358002, -36.323002], [38.619999, 48.984001], [-50.965, -50.571999], [40.485001, 41.769001], [-61.761002, -46.075001], [53.627998, 47.325001], [-61.771999, -50.054001], [38.381001, 45.063999], [-32.745998, -57.668999], [52.150002, 51.006001], [-39.744999, -45.48], [53.068001, 36.501999], [-60.948002, -51.914001], [52.412998, 28.235001], [-56.82, -62.063], [51.967999, 37.012001], [-51.937, -53.951], [42.764, 74.032997], [-50.091999, -45.292], [46.608002, 44.979], [-36.82, -58.584999], [39.368999, 52.562], [-44.917999, -58.778], [59.801998, 56.983002], [-51.596001, -37.806999], [51.601002, 46.477001], [-54.457001, -45.686001], [44.883999, 43.805], [-50.540001, -47.098], [52.888, 55.015999], [-55.118999, -74.000999], [57.549, 51.905998], [-66.028999, -59.264999], [51.507, 46.372002], [-48.362999, -43.66], [46.008999, 51.356998], [-47.964001, -39.564999], [65.483002, 44.848999], [-55.983002, -48.618999], [36.493999, 44.080002], [-43.905998, -38.171001], [49.609001, 39.153], [-57.262001, -46.182999], [49.32, 27.771], [-44.473, -43.089001], [41.689999, 35.741001], [-45.971001, -56.252998], [57.991001, 54.146], [-43.407001, -64.523003], [29.247999, 50.339001], [-45.730999, -34.008999], [49.478001, 42.424], [-43.452, -55.080002], [50.530998, 54.761002], [-51.806999, -61.610001], [35.896, 57.237999], [-52.354, -49.441002], [59.084999, 38.363998], [-54.158001, -47.296001], [48.414001, 36.998001], [-54.292, -70.766998], [60.088001, 37.308998], [-52.443001, -78.668999], [64.397003, 55.303001], [-55.419998, -44.888], [52.612999, 52.653], [-47.648998, -44.060001], [48.056999, 73.278], [-39.168999, -44.511002], [44.278, 64.654999], [-39.837002, -64.285004], [40.255001, 68.907997], [-38.571999, -55.199001], [51.416, 49.426998], [-48.370998, -56.042], [60.019001, 56.022999], [-73.535004, -48.645], [58.09, 32.983002], [-62.123001, -65.014999], [51.075001, 61.535999], [-56.089001, -64.358002], [56.133999, 55.541], [-46.181, -58.021999], [55.351002, 45.152], [-48.125, -51.327], [74.464996, 53.213001], [-47.492001, -55.717999], [55.716, 46.556999], [-47.737999, -67.221001], [44.997002, 41.153], [-61.254002, -64.741997], [42.384998, 54.869999], [-48.435001, -54.327], [68.799004, 44.391998], [-68.746002, -55.521999]],
MuFinal = [[1, 2], [3, 4]]



